<!DOCTYPE html PUBLIC "-//W3C//DTD XHTML 1.1//EN" "http://www.w3.org/TR/xhtml11/DTD/xhtml11.dtd">
<html xmlns="http://www.w3.org/1999/xhtml">
<head>
<meta http-equiv="content-type" content="text/html; charset=UTF-8"/>
<title>TestNG Report</title>
<style type="text/css">table {margin-bottom:10px;border-collapse:collapse;empty-cells:show}th,td {border:1px solid #009;padding:.25em .5em}th {vertical-align:bottom}td {vertical-align:top}table a {font-weight:bold}.stripe td {background-color: #E6EBF9}.num {text-align:right}.passedodd td {background-color: #3F3}.passedeven td {background-color: #0A0}.skippedodd td {background-color: #DDD}.skippedeven td {background-color: #CCC}.failedodd td,.attn {background-color: #F33}.failedeven td,.stripe .attn {background-color: #D00}.stacktrace {white-space:pre;font-family:monospace}.totop {font-size:85%;text-align:center;border-bottom:2px solid #000}.invisible {display:none}</style>
</head>
<body>
<table>
<tr><th>Test</th><th># Passed</th><th># Skipped</th><th># Failed</th><th>Time (ms)</th><th>Included Groups</th><th>Excluded Groups</th></tr>
<tr><th colspan="7">Command line suite</th></tr>
<tr><td><a href="#t0">Command line test</a></td><td class="num">1</td><td class="num attn">3</td><td class="num attn">1</td><td class="num">2,784</td><td></td><td></td></tr>
</table>
<table id='summary'><thead><tr><th>Class</th><th>Method</th><th>Start</th><th>Time (ms)</th></tr></thead><tbody><tr><th colspan="4">Command line suite</th></tr></tbody><tbody id="t0"><tr><th colspan="4">Command line test &#8212; failed (configuration methods)</th></tr><tr class="failedeven"><td rowspan="1">com.automation.tests.day12.FluentWaitTest</td><td><a href="#m0">setup</a></td><td rowspan="1">1586719510292</td><td rowspan="1">1615</td></tr><tr class="failedodd"><td rowspan="1">training.VytrackLoginPageTest</td><td><a href="#m1">setup</a></td><td rowspan="1">1586719511913</td><td rowspan="1">933</td></tr><tr><th colspan="4">Command line test &#8212; failed</th></tr><tr class="failedeven"><td rowspan="1">com.automation.tests.day13.DriverTest</td><td><a href="#m2">googleTest</a></td><td rowspan="1">1586719512849</td><td rowspan="1">210</td></tr><tr><th colspan="4">Command line test &#8212; skipped (configuration methods)</th></tr><tr class="skippedeven"><td rowspan="1">com.automation.tests.day12.FluentWaitTest</td><td><a href="#m3">teardown</a></td><td rowspan="1">1586719511912</td><td rowspan="1">0</td></tr><tr class="skippedodd"><td rowspan="3">training.VytrackLoginPageTest</td><td><a href="#m4">setup</a></td><td rowspan="1">1586719512848</td><td rowspan="1">0</td></tr><tr class="skippedodd"><td><a href="#m5">teardown</a></td><td rowspan="2">1586719512848</td><td rowspan="2">0</td></tr><tr class="skippedodd"><td><a href="#m6">teardown</a></td></tr><tr><th colspan="4">Command line test &#8212; skipped</th></tr><tr class="skippedeven"><td rowspan="1">com.automation.tests.day12.FluentWaitTest</td><td><a href="#m7">fluentWaitTest</a></td><td rowspan="1">1586719511912</td><td rowspan="1">0</td></tr><tr class="skippedodd"><td rowspan="2">training.VytrackLoginPageTest</td><td><a href="#m8">invalidUserName</a></td><td rowspan="1">1586719512848</td><td rowspan="1">0</td></tr><tr class="skippedodd"><td><a href="#m9">loginAsStoreManager</a></td><td rowspan="1">1586719512848</td><td rowspan="1">0</td></tr><tr><th colspan="4">Command line test &#8212; passed</th></tr><tr class="passedeven"><td rowspan="1">com.automation.tests.day13.ConfigurationReaderTest</td><td><a href="#m10">readProperties</a></td><td rowspan="1">1586719513063</td><td rowspan="1">0</td></tr></tbody>
</table>
<h2>Command line test</h2><h3 id="m0">com.automation.tests.day12.FluentWaitTest#setup</h3><table class="result"><tr><th>Exception</th></tr><tr><td><div class="stacktrace">org.openqa.selenium.SessionNotCreatedException: session not created: This version of ChromeDriver only supports Chrome version 79
Build info: version: &apos;3.141.59&apos;, revision: &apos;e82be7d358&apos;, time: &apos;2018-11-14T08:17:03&apos;
System info: host: &apos;Mesuts-MBP.home&apos;, ip: &apos;fe80:0:0:0:1077:44e0:4c2e:21fd%en0&apos;, os.name: &apos;Mac OS X&apos;, os.arch: &apos;x86_64&apos;, os.version: &apos;10.14.6&apos;, java.version: &apos;12.0.2&apos;
Driver info: driver.version: ChromeDriver
remote stacktrace: 0   chromedriver                        0x0000000103907199 chromedriver + 3813785
1   chromedriver                        0x000000010389b2a3 chromedriver + 3371683
2   chromedriver                        0x000000010361bf6f chromedriver + 753519
3   chromedriver                        0x000000010357c492 chromedriver + 99474
4   chromedriver                        0x00000001035781c0 chromedriver + 82368
5   chromedriver                        0x00000001035a76d8 chromedriver + 276184
6   chromedriver                        0x00000001035a4663 chromedriver + 263779
7   chromedriver                        0x000000010357e2cd chromedriver + 107213
8   chromedriver                        0x000000010357f265 chromedriver + 111205
9   chromedriver                        0x00000001038c92df chromedriver + 3560159
10  chromedriver                        0x00000001038d61aa chromedriver + 3613098
11  chromedriver                        0x00000001038d5f67 chromedriver + 3612519
12  chromedriver                        0x00000001038a8a09 chromedriver + 3426825
13  chromedriver                        0x00000001038d6a02 chromedriver + 3615234
14  chromedriver                        0x00000001038bd187 chromedriver + 3510663
15  chromedriver                        0x00000001038ec354 chromedriver + 3703636
16  chromedriver                        0x000000010390d337 chromedriver + 3838775
17  libsystem_pthread.dylib             0x00007fff6559a2eb _pthread_body + 126
18  libsystem_pthread.dylib             0x00007fff6559d249 _pthread_start + 66
19  libsystem_pthread.dylib             0x00007fff6559940d thread_start + 13

	at org.openqa.selenium.remote.W3CHandshakeResponse.lambda$errorHandler$0(W3CHandshakeResponse.java:62)
	at org.openqa.selenium.remote.HandshakeResponse.lambda$getResponseFunction$0(HandshakeResponse.java:30)
	at org.openqa.selenium.remote.ProtocolHandshake.lambda$createSession$0(ProtocolHandshake.java:126)
	at java.base/java.util.stream.ReferencePipeline$3$1.accept(ReferencePipeline.java:195)
	at java.base/java.util.Spliterators$ArraySpliterator.tryAdvance(Spliterators.java:958)
	at java.base/java.util.stream.ReferencePipeline.forEachWithCancel(ReferencePipeline.java:127)
	at java.base/java.util.stream.AbstractPipeline.copyIntoWithCancel(AbstractPipeline.java:502)
	at java.base/java.util.stream.AbstractPipeline.copyInto(AbstractPipeline.java:488)
	at java.base/java.util.stream.AbstractPipeline.wrapAndCopyInto(AbstractPipeline.java:474)
	at java.base/java.util.stream.FindOps$FindOp.evaluateSequential(FindOps.java:150)
	at java.base/java.util.stream.AbstractPipeline.evaluate(AbstractPipeline.java:234)
	at java.base/java.util.stream.ReferencePipeline.findFirst(ReferencePipeline.java:543)
	at org.openqa.selenium.remote.ProtocolHandshake.createSession(ProtocolHandshake.java:128)
	at org.openqa.selenium.remote.ProtocolHandshake.createSession(ProtocolHandshake.java:74)
	at org.openqa.selenium.remote.HttpCommandExecutor.execute(HttpCommandExecutor.java:136)
	at org.openqa.selenium.remote.service.DriverCommandExecutor.execute(DriverCommandExecutor.java:83)
	at org.openqa.selenium.remote.RemoteWebDriver.execute(RemoteWebDriver.java:552)
	at org.openqa.selenium.remote.RemoteWebDriver.startSession(RemoteWebDriver.java:213)
	at org.openqa.selenium.remote.RemoteWebDriver.&lt;init&gt;(RemoteWebDriver.java:131)
	at org.openqa.selenium.chrome.ChromeDriver.&lt;init&gt;(ChromeDriver.java:181)
	at org.openqa.selenium.chrome.ChromeDriver.&lt;init&gt;(ChromeDriver.java:168)
	at org.openqa.selenium.chrome.ChromeDriver.&lt;init&gt;(ChromeDriver.java:123)
	at com.automation.utilities.DriverFactory.createDriver(DriverFactory.java:15)
	at com.automation.tests.day12.FluentWaitTest.setup(FluentWaitTest.java:23)
... Removed 43 stack frames</div></td></tr></table><p class="totop"><a href="#summary">back to summary</a></p>
<h3 id="m1">training.VytrackLoginPageTest#setup</h3><table class="result"><tr><th>Exception</th></tr><tr><td><div class="stacktrace">org.openqa.selenium.SessionNotCreatedException: session not created: This version of ChromeDriver only supports Chrome version 79
Build info: version: &apos;3.141.59&apos;, revision: &apos;e82be7d358&apos;, time: &apos;2018-11-14T08:17:03&apos;
System info: host: &apos;Mesuts-MBP.home&apos;, ip: &apos;fe80:0:0:0:1077:44e0:4c2e:21fd%en0&apos;, os.name: &apos;Mac OS X&apos;, os.arch: &apos;x86_64&apos;, os.version: &apos;10.14.6&apos;, java.version: &apos;12.0.2&apos;
Driver info: driver.version: ChromeDriver
remote stacktrace: 0   chromedriver                        0x000000010a83c199 chromedriver + 3813785
1   chromedriver                        0x000000010a7d02a3 chromedriver + 3371683
2   chromedriver                        0x000000010a550f6f chromedriver + 753519
3   chromedriver                        0x000000010a4b1492 chromedriver + 99474
4   chromedriver                        0x000000010a4ad1c0 chromedriver + 82368
5   chromedriver                        0x000000010a4dc6d8 chromedriver + 276184
6   chromedriver                        0x000000010a4d9663 chromedriver + 263779
7   chromedriver                        0x000000010a4b32cd chromedriver + 107213
8   chromedriver                        0x000000010a4b4265 chromedriver + 111205
9   chromedriver                        0x000000010a7fe2df chromedriver + 3560159
10  chromedriver                        0x000000010a80b1aa chromedriver + 3613098
11  chromedriver                        0x000000010a80af67 chromedriver + 3612519
12  chromedriver                        0x000000010a7dda09 chromedriver + 3426825
13  chromedriver                        0x000000010a80ba02 chromedriver + 3615234
14  chromedriver                        0x000000010a7f2187 chromedriver + 3510663
15  chromedriver                        0x000000010a821354 chromedriver + 3703636
16  chromedriver                        0x000000010a842337 chromedriver + 3838775
17  libsystem_pthread.dylib             0x00007fff6559a2eb _pthread_body + 126
18  libsystem_pthread.dylib             0x00007fff6559d249 _pthread_start + 66
19  libsystem_pthread.dylib             0x00007fff6559940d thread_start + 13

	at org.openqa.selenium.remote.W3CHandshakeResponse.lambda$errorHandler$0(W3CHandshakeResponse.java:62)
	at org.openqa.selenium.remote.HandshakeResponse.lambda$getResponseFunction$0(HandshakeResponse.java:30)
	at org.openqa.selenium.remote.ProtocolHandshake.lambda$createSession$0(ProtocolHandshake.java:126)
	at java.base/java.util.stream.ReferencePipeline$3$1.accept(ReferencePipeline.java:195)
	at java.base/java.util.Spliterators$ArraySpliterator.tryAdvance(Spliterators.java:958)
	at java.base/java.util.stream.ReferencePipeline.forEachWithCancel(ReferencePipeline.java:127)
	at java.base/java.util.stream.AbstractPipeline.copyIntoWithCancel(AbstractPipeline.java:502)
	at java.base/java.util.stream.AbstractPipeline.copyInto(AbstractPipeline.java:488)
	at java.base/java.util.stream.AbstractPipeline.wrapAndCopyInto(AbstractPipeline.java:474)
	at java.base/java.util.stream.FindOps$FindOp.evaluateSequential(FindOps.java:150)
	at java.base/java.util.stream.AbstractPipeline.evaluate(AbstractPipeline.java:234)
	at java.base/java.util.stream.ReferencePipeline.findFirst(ReferencePipeline.java:543)
	at org.openqa.selenium.remote.ProtocolHandshake.createSession(ProtocolHandshake.java:128)
	at org.openqa.selenium.remote.ProtocolHandshake.createSession(ProtocolHandshake.java:74)
	at org.openqa.selenium.remote.HttpCommandExecutor.execute(HttpCommandExecutor.java:136)
	at org.openqa.selenium.remote.service.DriverCommandExecutor.execute(DriverCommandExecutor.java:83)
	at org.openqa.selenium.remote.RemoteWebDriver.execute(RemoteWebDriver.java:552)
	at org.openqa.selenium.remote.RemoteWebDriver.startSession(RemoteWebDriver.java:213)
	at org.openqa.selenium.remote.RemoteWebDriver.&lt;init&gt;(RemoteWebDriver.java:131)
	at org.openqa.selenium.chrome.ChromeDriver.&lt;init&gt;(ChromeDriver.java:181)
	at org.openqa.selenium.chrome.ChromeDriver.&lt;init&gt;(ChromeDriver.java:168)
	at org.openqa.selenium.chrome.ChromeDriver.&lt;init&gt;(ChromeDriver.java:123)
	at training.VytrackLoginPageTest.setup(VytrackLoginPageTest.java:62)
... Removed 43 stack frames</div></td></tr></table><p class="totop"><a href="#summary">back to summary</a></p>
<h3 id="m2">com.automation.tests.day13.DriverTest#googleTest</h3><table class="result"><tr><th>Exception</th></tr><tr><td><div class="stacktrace">org.openqa.selenium.SessionNotCreatedException: session not created: This version of ChromeDriver only supports Chrome version 79
Build info: version: &apos;3.141.59&apos;, revision: &apos;e82be7d358&apos;, time: &apos;2018-11-14T08:17:03&apos;
System info: host: &apos;Mesuts-MBP.home&apos;, ip: &apos;fe80:0:0:0:1077:44e0:4c2e:21fd%en0&apos;, os.name: &apos;Mac OS X&apos;, os.arch: &apos;x86_64&apos;, os.version: &apos;10.14.6&apos;, java.version: &apos;12.0.2&apos;
Driver info: driver.version: Driver
remote stacktrace: 0   chromedriver                        0x0000000104ef5199 chromedriver + 3813785
1   chromedriver                        0x0000000104e892a3 chromedriver + 3371683
2   chromedriver                        0x0000000104c09f6f chromedriver + 753519
3   chromedriver                        0x0000000104b6a492 chromedriver + 99474
4   chromedriver                        0x0000000104b661c0 chromedriver + 82368
5   chromedriver                        0x0000000104b956d8 chromedriver + 276184
6   chromedriver                        0x0000000104b92663 chromedriver + 263779
7   chromedriver                        0x0000000104b6c2cd chromedriver + 107213
8   chromedriver                        0x0000000104b6d265 chromedriver + 111205
9   chromedriver                        0x0000000104eb72df chromedriver + 3560159
10  chromedriver                        0x0000000104ec41aa chromedriver + 3613098
11  chromedriver                        0x0000000104ec3f67 chromedriver + 3612519
12  chromedriver                        0x0000000104e96a09 chromedriver + 3426825
13  chromedriver                        0x0000000104ec4a02 chromedriver + 3615234
14  chromedriver                        0x0000000104eab187 chromedriver + 3510663
15  chromedriver                        0x0000000104eda354 chromedriver + 3703636
16  chromedriver                        0x0000000104efb337 chromedriver + 3838775
17  libsystem_pthread.dylib             0x00007fff6559a2eb _pthread_body + 126
18  libsystem_pthread.dylib             0x00007fff6559d249 _pthread_start + 66
19  libsystem_pthread.dylib             0x00007fff6559940d thread_start + 13

	at org.openqa.selenium.remote.W3CHandshakeResponse.lambda$errorHandler$0(W3CHandshakeResponse.java:62)
	at org.openqa.selenium.remote.HandshakeResponse.lambda$getResponseFunction$0(HandshakeResponse.java:30)
	at org.openqa.selenium.remote.ProtocolHandshake.lambda$createSession$0(ProtocolHandshake.java:126)
	at java.base/java.util.stream.ReferencePipeline$3$1.accept(ReferencePipeline.java:195)
	at java.base/java.util.Spliterators$ArraySpliterator.tryAdvance(Spliterators.java:958)
	at java.base/java.util.stream.ReferencePipeline.forEachWithCancel(ReferencePipeline.java:127)
	at java.base/java.util.stream.AbstractPipeline.copyIntoWithCancel(AbstractPipeline.java:502)
	at java.base/java.util.stream.AbstractPipeline.copyInto(AbstractPipeline.java:488)
	at java.base/java.util.stream.AbstractPipeline.wrapAndCopyInto(AbstractPipeline.java:474)
	at java.base/java.util.stream.FindOps$FindOp.evaluateSequential(FindOps.java:150)
	at java.base/java.util.stream.AbstractPipeline.evaluate(AbstractPipeline.java:234)
	at java.base/java.util.stream.ReferencePipeline.findFirst(ReferencePipeline.java:543)
	at org.openqa.selenium.remote.ProtocolHandshake.createSession(ProtocolHandshake.java:128)
	at org.openqa.selenium.remote.ProtocolHandshake.createSession(ProtocolHandshake.java:74)
	at org.openqa.selenium.remote.HttpCommandExecutor.execute(HttpCommandExecutor.java:136)
	at org.openqa.selenium.remote.service.DriverCommandExecutor.execute(DriverCommandExecutor.java:83)
	at org.openqa.selenium.remote.RemoteWebDriver.execute(RemoteWebDriver.java:552)
	at org.openqa.selenium.remote.RemoteWebDriver.startSession(RemoteWebDriver.java:213)
	at org.openqa.selenium.remote.RemoteWebDriver.&lt;init&gt;(RemoteWebDriver.java:131)
	at org.openqa.selenium.chrome.ChromeDriver.&lt;init&gt;(ChromeDriver.java:181)
	at org.openqa.selenium.chrome.ChromeDriver.&lt;init&gt;(ChromeDriver.java:168)
	at org.openqa.selenium.chrome.ChromeDriver.&lt;init&gt;(ChromeDriver.java:157)
	at com.automation.utilities.Driver.getDriver(Driver.java:37)
	at com.automation.tests.day13.DriverTest.googleTest(DriverTest.java:14)
... Removed 40 stack frames</div></td></tr></table><p class="totop"><a href="#summary">back to summary</a></p>
<h3 id="m3">com.automation.tests.day12.FluentWaitTest#teardown</h3><table class="result"><tr><th class="invisible"/></tr></table><p class="totop"><a href="#summary">back to summary</a></p>
<h3 id="m4">training.VytrackLoginPageTest#setup</h3><table class="result"><tr><th class="invisible"/></tr></table><p class="totop"><a href="#summary">back to summary</a></p>
<h3 id="m5">training.VytrackLoginPageTest#teardown</h3><table class="result"><tr><th class="invisible"/></tr></table><p class="totop"><a href="#summary">back to summary</a></p>
<h3 id="m6">training.VytrackLoginPageTest#teardown</h3><table class="result"><tr><th class="invisible"/></tr></table><p class="totop"><a href="#summary">back to summary</a></p>
<h3 id="m7">com.automation.tests.day12.FluentWaitTest#fluentWaitTest</h3><table class="result"><tr><th>Exception</th></tr><tr><td><div class="stacktrace">org.openqa.selenium.SessionNotCreatedException: session not created: This version of ChromeDriver only supports Chrome version 79
Build info: version: &apos;3.141.59&apos;, revision: &apos;e82be7d358&apos;, time: &apos;2018-11-14T08:17:03&apos;
System info: host: &apos;Mesuts-MBP.home&apos;, ip: &apos;fe80:0:0:0:1077:44e0:4c2e:21fd%en0&apos;, os.name: &apos;Mac OS X&apos;, os.arch: &apos;x86_64&apos;, os.version: &apos;10.14.6&apos;, java.version: &apos;12.0.2&apos;
Driver info: driver.version: ChromeDriver
remote stacktrace: 0   chromedriver                        0x0000000103907199 chromedriver + 3813785
1   chromedriver                        0x000000010389b2a3 chromedriver + 3371683
2   chromedriver                        0x000000010361bf6f chromedriver + 753519
3   chromedriver                        0x000000010357c492 chromedriver + 99474
4   chromedriver                        0x00000001035781c0 chromedriver + 82368
5   chromedriver                        0x00000001035a76d8 chromedriver + 276184
6   chromedriver                        0x00000001035a4663 chromedriver + 263779
7   chromedriver                        0x000000010357e2cd chromedriver + 107213
8   chromedriver                        0x000000010357f265 chromedriver + 111205
9   chromedriver                        0x00000001038c92df chromedriver + 3560159
10  chromedriver                        0x00000001038d61aa chromedriver + 3613098
11  chromedriver                        0x00000001038d5f67 chromedriver + 3612519
12  chromedriver                        0x00000001038a8a09 chromedriver + 3426825
13  chromedriver                        0x00000001038d6a02 chromedriver + 3615234
14  chromedriver                        0x00000001038bd187 chromedriver + 3510663
15  chromedriver                        0x00000001038ec354 chromedriver + 3703636
16  chromedriver                        0x000000010390d337 chromedriver + 3838775
17  libsystem_pthread.dylib             0x00007fff6559a2eb _pthread_body + 126
18  libsystem_pthread.dylib             0x00007fff6559d249 _pthread_start + 66
19  libsystem_pthread.dylib             0x00007fff6559940d thread_start + 13

	at org.openqa.selenium.remote.W3CHandshakeResponse.lambda$errorHandler$0(W3CHandshakeResponse.java:62)
	at org.openqa.selenium.remote.HandshakeResponse.lambda$getResponseFunction$0(HandshakeResponse.java:30)
	at org.openqa.selenium.remote.ProtocolHandshake.lambda$createSession$0(ProtocolHandshake.java:126)
	at java.base/java.util.stream.ReferencePipeline$3$1.accept(ReferencePipeline.java:195)
	at java.base/java.util.Spliterators$ArraySpliterator.tryAdvance(Spliterators.java:958)
	at java.base/java.util.stream.ReferencePipeline.forEachWithCancel(ReferencePipeline.java:127)
	at java.base/java.util.stream.AbstractPipeline.copyIntoWithCancel(AbstractPipeline.java:502)
	at java.base/java.util.stream.AbstractPipeline.copyInto(AbstractPipeline.java:488)
	at java.base/java.util.stream.AbstractPipeline.wrapAndCopyInto(AbstractPipeline.java:474)
	at java.base/java.util.stream.FindOps$FindOp.evaluateSequential(FindOps.java:150)
	at java.base/java.util.stream.AbstractPipeline.evaluate(AbstractPipeline.java:234)
	at java.base/java.util.stream.ReferencePipeline.findFirst(ReferencePipeline.java:543)
	at org.openqa.selenium.remote.ProtocolHandshake.createSession(ProtocolHandshake.java:128)
	at org.openqa.selenium.remote.ProtocolHandshake.createSession(ProtocolHandshake.java:74)
	at org.openqa.selenium.remote.HttpCommandExecutor.execute(HttpCommandExecutor.java:136)
	at org.openqa.selenium.remote.service.DriverCommandExecutor.execute(DriverCommandExecutor.java:83)
	at org.openqa.selenium.remote.RemoteWebDriver.execute(RemoteWebDriver.java:552)
	at org.openqa.selenium.remote.RemoteWebDriver.startSession(RemoteWebDriver.java:213)
	at org.openqa.selenium.remote.RemoteWebDriver.&lt;init&gt;(RemoteWebDriver.java:131)
	at org.openqa.selenium.chrome.ChromeDriver.&lt;init&gt;(ChromeDriver.java:181)
	at org.openqa.selenium.chrome.ChromeDriver.&lt;init&gt;(ChromeDriver.java:168)
	at org.openqa.selenium.chrome.ChromeDriver.&lt;init&gt;(ChromeDriver.java:123)
	at com.automation.utilities.DriverFactory.createDriver(DriverFactory.java:15)
	at com.automation.tests.day12.FluentWaitTest.setup(FluentWaitTest.java:23)
... Removed 43 stack frames</div></td></tr></table><p class="totop"><a href="#summary">back to summary</a></p>
<h3 id="m8">training.VytrackLoginPageTest#invalidUserName</h3><table class="result"><tr><th>Exception</th></tr><tr><td><div class="stacktrace">org.openqa.selenium.SessionNotCreatedException: session not created: This version of ChromeDriver only supports Chrome version 79
Build info: version: &apos;3.141.59&apos;, revision: &apos;e82be7d358&apos;, time: &apos;2018-11-14T08:17:03&apos;
System info: host: &apos;Mesuts-MBP.home&apos;, ip: &apos;fe80:0:0:0:1077:44e0:4c2e:21fd%en0&apos;, os.name: &apos;Mac OS X&apos;, os.arch: &apos;x86_64&apos;, os.version: &apos;10.14.6&apos;, java.version: &apos;12.0.2&apos;
Driver info: driver.version: ChromeDriver
remote stacktrace: 0   chromedriver                        0x000000010a83c199 chromedriver + 3813785
1   chromedriver                        0x000000010a7d02a3 chromedriver + 3371683
2   chromedriver                        0x000000010a550f6f chromedriver + 753519
3   chromedriver                        0x000000010a4b1492 chromedriver + 99474
4   chromedriver                        0x000000010a4ad1c0 chromedriver + 82368
5   chromedriver                        0x000000010a4dc6d8 chromedriver + 276184
6   chromedriver                        0x000000010a4d9663 chromedriver + 263779
7   chromedriver                        0x000000010a4b32cd chromedriver + 107213
8   chromedriver                        0x000000010a4b4265 chromedriver + 111205
9   chromedriver                        0x000000010a7fe2df chromedriver + 3560159
10  chromedriver                        0x000000010a80b1aa chromedriver + 3613098
11  chromedriver                        0x000000010a80af67 chromedriver + 3612519
12  chromedriver                        0x000000010a7dda09 chromedriver + 3426825
13  chromedriver                        0x000000010a80ba02 chromedriver + 3615234
14  chromedriver                        0x000000010a7f2187 chromedriver + 3510663
15  chromedriver                        0x000000010a821354 chromedriver + 3703636
16  chromedriver                        0x000000010a842337 chromedriver + 3838775
17  libsystem_pthread.dylib             0x00007fff6559a2eb _pthread_body + 126
18  libsystem_pthread.dylib             0x00007fff6559d249 _pthread_start + 66
19  libsystem_pthread.dylib             0x00007fff6559940d thread_start + 13

	at org.openqa.selenium.remote.W3CHandshakeResponse.lambda$errorHandler$0(W3CHandshakeResponse.java:62)
	at org.openqa.selenium.remote.HandshakeResponse.lambda$getResponseFunction$0(HandshakeResponse.java:30)
	at org.openqa.selenium.remote.ProtocolHandshake.lambda$createSession$0(ProtocolHandshake.java:126)
	at java.base/java.util.stream.ReferencePipeline$3$1.accept(ReferencePipeline.java:195)
	at java.base/java.util.Spliterators$ArraySpliterator.tryAdvance(Spliterators.java:958)
	at java.base/java.util.stream.ReferencePipeline.forEachWithCancel(ReferencePipeline.java:127)
	at java.base/java.util.stream.AbstractPipeline.copyIntoWithCancel(AbstractPipeline.java:502)
	at java.base/java.util.stream.AbstractPipeline.copyInto(AbstractPipeline.java:488)
	at java.base/java.util.stream.AbstractPipeline.wrapAndCopyInto(AbstractPipeline.java:474)
	at java.base/java.util.stream.FindOps$FindOp.evaluateSequential(FindOps.java:150)
	at java.base/java.util.stream.AbstractPipeline.evaluate(AbstractPipeline.java:234)
	at java.base/java.util.stream.ReferencePipeline.findFirst(ReferencePipeline.java:543)
	at org.openqa.selenium.remote.ProtocolHandshake.createSession(ProtocolHandshake.java:128)
	at org.openqa.selenium.remote.ProtocolHandshake.createSession(ProtocolHandshake.java:74)
	at org.openqa.selenium.remote.HttpCommandExecutor.execute(HttpCommandExecutor.java:136)
	at org.openqa.selenium.remote.service.DriverCommandExecutor.execute(DriverCommandExecutor.java:83)
	at org.openqa.selenium.remote.RemoteWebDriver.execute(RemoteWebDriver.java:552)
	at org.openqa.selenium.remote.RemoteWebDriver.startSession(RemoteWebDriver.java:213)
	at org.openqa.selenium.remote.RemoteWebDriver.&lt;init&gt;(RemoteWebDriver.java:131)
	at org.openqa.selenium.chrome.ChromeDriver.&lt;init&gt;(ChromeDriver.java:181)
	at org.openqa.selenium.chrome.ChromeDriver.&lt;init&gt;(ChromeDriver.java:168)
	at org.openqa.selenium.chrome.ChromeDriver.&lt;init&gt;(ChromeDriver.java:123)
	at training.VytrackLoginPageTest.setup(VytrackLoginPageTest.java:62)
... Removed 43 stack frames</div></td></tr></table><p class="totop"><a href="#summary">back to summary</a></p>
<h3 id="m9">training.VytrackLoginPageTest#loginAsStoreManager</h3><table class="result"><tr><th>Exception</th></tr><tr><td><div class="stacktrace">org.openqa.selenium.SessionNotCreatedException: session not created: This version of ChromeDriver only supports Chrome version 79
Build info: version: &apos;3.141.59&apos;, revision: &apos;e82be7d358&apos;, time: &apos;2018-11-14T08:17:03&apos;
System info: host: &apos;Mesuts-MBP.home&apos;, ip: &apos;fe80:0:0:0:1077:44e0:4c2e:21fd%en0&apos;, os.name: &apos;Mac OS X&apos;, os.arch: &apos;x86_64&apos;, os.version: &apos;10.14.6&apos;, java.version: &apos;12.0.2&apos;
Driver info: driver.version: ChromeDriver
remote stacktrace: 0   chromedriver                        0x000000010a83c199 chromedriver + 3813785
1   chromedriver                        0x000000010a7d02a3 chromedriver + 3371683
2   chromedriver                        0x000000010a550f6f chromedriver + 753519
3   chromedriver                        0x000000010a4b1492 chromedriver + 99474
4   chromedriver                        0x000000010a4ad1c0 chromedriver + 82368
5   chromedriver                        0x000000010a4dc6d8 chromedriver + 276184
6   chromedriver                        0x000000010a4d9663 chromedriver + 263779
7   chromedriver                        0x000000010a4b32cd chromedriver + 107213
8   chromedriver                        0x000000010a4b4265 chromedriver + 111205
9   chromedriver                        0x000000010a7fe2df chromedriver + 3560159
10  chromedriver                        0x000000010a80b1aa chromedriver + 3613098
11  chromedriver                        0x000000010a80af67 chromedriver + 3612519
12  chromedriver                        0x000000010a7dda09 chromedriver + 3426825
13  chromedriver                        0x000000010a80ba02 chromedriver + 3615234
14  chromedriver                        0x000000010a7f2187 chromedriver + 3510663
15  chromedriver                        0x000000010a821354 chromedriver + 3703636
16  chromedriver                        0x000000010a842337 chromedriver + 3838775
17  libsystem_pthread.dylib             0x00007fff6559a2eb _pthread_body + 126
18  libsystem_pthread.dylib             0x00007fff6559d249 _pthread_start + 66
19  libsystem_pthread.dylib             0x00007fff6559940d thread_start + 13

	at org.openqa.selenium.remote.W3CHandshakeResponse.lambda$errorHandler$0(W3CHandshakeResponse.java:62)
	at org.openqa.selenium.remote.HandshakeResponse.lambda$getResponseFunction$0(HandshakeResponse.java:30)
	at org.openqa.selenium.remote.ProtocolHandshake.lambda$createSession$0(ProtocolHandshake.java:126)
	at java.base/java.util.stream.ReferencePipeline$3$1.accept(ReferencePipeline.java:195)
	at java.base/java.util.Spliterators$ArraySpliterator.tryAdvance(Spliterators.java:958)
	at java.base/java.util.stream.ReferencePipeline.forEachWithCancel(ReferencePipeline.java:127)
	at java.base/java.util.stream.AbstractPipeline.copyIntoWithCancel(AbstractPipeline.java:502)
	at java.base/java.util.stream.AbstractPipeline.copyInto(AbstractPipeline.java:488)
	at java.base/java.util.stream.AbstractPipeline.wrapAndCopyInto(AbstractPipeline.java:474)
	at java.base/java.util.stream.FindOps$FindOp.evaluateSequential(FindOps.java:150)
	at java.base/java.util.stream.AbstractPipeline.evaluate(AbstractPipeline.java:234)
	at java.base/java.util.stream.ReferencePipeline.findFirst(ReferencePipeline.java:543)
	at org.openqa.selenium.remote.ProtocolHandshake.createSession(ProtocolHandshake.java:128)
	at org.openqa.selenium.remote.ProtocolHandshake.createSession(ProtocolHandshake.java:74)
	at org.openqa.selenium.remote.HttpCommandExecutor.execute(HttpCommandExecutor.java:136)
	at org.openqa.selenium.remote.service.DriverCommandExecutor.execute(DriverCommandExecutor.java:83)
	at org.openqa.selenium.remote.RemoteWebDriver.execute(RemoteWebDriver.java:552)
	at org.openqa.selenium.remote.RemoteWebDriver.startSession(RemoteWebDriver.java:213)
	at org.openqa.selenium.remote.RemoteWebDriver.&lt;init&gt;(RemoteWebDriver.java:131)
	at org.openqa.selenium.chrome.ChromeDriver.&lt;init&gt;(ChromeDriver.java:181)
	at org.openqa.selenium.chrome.ChromeDriver.&lt;init&gt;(ChromeDriver.java:168)
	at org.openqa.selenium.chrome.ChromeDriver.&lt;init&gt;(ChromeDriver.java:123)
	at training.VytrackLoginPageTest.setup(VytrackLoginPageTest.java:62)
... Removed 43 stack frames</div></td></tr></table><p class="totop"><a href="#summary">back to summary</a></p>
<h3 id="m10">com.automation.tests.day13.ConfigurationReaderTest#readProperties</h3><table class="result"><tr><th class="invisible"/></tr></table><p class="totop"><a href="#summary">back to summary</a></p>
</body>
</html>
