<?xml version="1.0" encoding="UTF-8"?>
<!-- Generated by org.testng.reporters.JUnitReportReporter -->
<testsuite hostname="Mesuts-MBP.home" failures="0" tests="2" name="com.automation.tests.day12.FluentWaitTest" time="1.615" errors="1" timestamp="12 Apr 2020 19:25:13 GMT" skipped="1">
  <testcase classname="com.automation.tests.day12.FluentWaitTest" name="fluentWaitTest" time="0.000">
    <skipped/>
  </testcase> <!-- fluentWaitTest -->
  <testcase classname="com.automation.tests.day12.FluentWaitTest" name="setup" time="1.615">
    <error message="session not created: This version of ChromeDriver only supports Chrome version 79
Build info: version: &#039;3.141.59&#039;, revision: &#039;e82be7d358&#039;, time: &#039;2018-11-14T08:17:03&#039;
System info: host: &#039;Mesuts-MBP.home&#039;, ip: &#039;fe80:0:0:0:1077:44e0:4c2e:21fd%en0&#039;, os.name: &#039;Mac OS X&#039;, os.arch: &#039;x86_64&#039;, os.version: &#039;10.14.6&#039;, java.version: &#039;12.0.2&#039;
Driver info: driver.version: ChromeDriver
remote stacktrace: 0   chromedriver                        0x0000000103907199 chromedriver + 3813785
1   chromedriver                        0x000000010389b2a3 chromedriver + 3371683
2   chromedriver                        0x000000010361bf6f chromedriver + 753519
3   chromedriver                        0x000000010357c492 chromedriver + 99474
4   chromedriver                        0x00000001035781c0 chromedriver + 82368
5   chromedriver                        0x00000001035a76d8 chromedriver + 276184
6   chromedriver                        0x00000001035a4663 chromedriver + 263779
7   chromedriver                        0x000000010357e2cd chromedriver + 107213
8   chromedriver                        0x000000010357f265 chromedriver + 111205
9   chromedriver                        0x00000001038c92df chromedriver + 3560159
10  chromedriver                        0x00000001038d61aa chromedriver + 3613098
11  chromedriver                        0x00000001038d5f67 chromedriver + 3612519
12  chromedriver                        0x00000001038a8a09 chromedriver + 3426825
13  chromedriver                        0x00000001038d6a02 chromedriver + 3615234
14  chromedriver                        0x00000001038bd187 chromedriver + 3510663
15  chromedriver                        0x00000001038ec354 chromedriver + 3703636
16  chromedriver                        0x000000010390d337 chromedriver + 3838775
17  libsystem_pthread.dylib             0x00007fff6559a2eb _pthread_body + 126
18  libsystem_pthread.dylib             0x00007fff6559d249 _pthread_start + 66
19  libsystem_pthread.dylib             0x00007fff6559940d thread_start + 13
" type="org.openqa.selenium.SessionNotCreatedException">
      <![CDATA[org.openqa.selenium.SessionNotCreatedException: session not created: This version of ChromeDriver only supports Chrome version 79
Build info: version: '3.141.59', revision: 'e82be7d358', time: '2018-11-14T08:17:03'
System info: host: 'Mesuts-MBP.home', ip: 'fe80:0:0:0:1077:44e0:4c2e:21fd%en0', os.name: 'Mac OS X', os.arch: 'x86_64', os.version: '10.14.6', java.version: '12.0.2'
Driver info: driver.version: ChromeDriver
remote stacktrace: 0   chromedriver                        0x0000000103907199 chromedriver + 3813785
1   chromedriver                        0x000000010389b2a3 chromedriver + 3371683
2   chromedriver                        0x000000010361bf6f chromedriver + 753519
3   chromedriver                        0x000000010357c492 chromedriver + 99474
4   chromedriver                        0x00000001035781c0 chromedriver + 82368
5   chromedriver                        0x00000001035a76d8 chromedriver + 276184
6   chromedriver                        0x00000001035a4663 chromedriver + 263779
7   chromedriver                        0x000000010357e2cd chromedriver + 107213
8   chromedriver                        0x000000010357f265 chromedriver + 111205
9   chromedriver                        0x00000001038c92df chromedriver + 3560159
10  chromedriver                        0x00000001038d61aa chromedriver + 3613098
11  chromedriver                        0x00000001038d5f67 chromedriver + 3612519
12  chromedriver                        0x00000001038a8a09 chromedriver + 3426825
13  chromedriver                        0x00000001038d6a02 chromedriver + 3615234
14  chromedriver                        0x00000001038bd187 chromedriver + 3510663
15  chromedriver                        0x00000001038ec354 chromedriver + 3703636
16  chromedriver                        0x000000010390d337 chromedriver + 3838775
17  libsystem_pthread.dylib             0x00007fff6559a2eb _pthread_body + 126
18  libsystem_pthread.dylib             0x00007fff6559d249 _pthread_start + 66
19  libsystem_pthread.dylib             0x00007fff6559940d thread_start + 13

at java.base/jdk.internal.reflect.NativeConstructorAccessorImpl.newInstance0(Native Method)
at java.base/jdk.internal.reflect.NativeConstructorAccessorImpl.newInstance(NativeConstructorAccessorImpl.java:62)
at java.base/jdk.internal.reflect.DelegatingConstructorAccessorImpl.newInstance(DelegatingConstructorAccessorImpl.java:45)
at java.base/java.lang.reflect.Constructor.newInstanceWithCaller(Constructor.java:500)
at java.base/java.lang.reflect.Constructor.newInstance(Constructor.java:481)
at org.openqa.selenium.remote.W3CHandshakeResponse.lambda$errorHandler$0(W3CHandshakeResponse.java:62)
at org.openqa.selenium.remote.HandshakeResponse.lambda$getResponseFunction$0(HandshakeResponse.java:30)
at org.openqa.selenium.remote.ProtocolHandshake.lambda$createSession$0(ProtocolHandshake.java:126)
at java.base/java.util.stream.ReferencePipeline$3$1.accept(ReferencePipeline.java:195)
at java.base/java.util.Spliterators$ArraySpliterator.tryAdvance(Spliterators.java:958)
at java.base/java.util.stream.ReferencePipeline.forEachWithCancel(ReferencePipeline.java:127)
at java.base/java.util.stream.AbstractPipeline.copyIntoWithCancel(AbstractPipeline.java:502)
at java.base/java.util.stream.AbstractPipeline.copyInto(AbstractPipeline.java:488)
at java.base/java.util.stream.AbstractPipeline.wrapAndCopyInto(AbstractPipeline.java:474)
at java.base/java.util.stream.FindOps$FindOp.evaluateSequential(FindOps.java:150)
at java.base/java.util.stream.AbstractPipeline.evaluate(AbstractPipeline.java:234)
at java.base/java.util.stream.ReferencePipeline.findFirst(ReferencePipeline.java:543)
at org.openqa.selenium.remote.ProtocolHandshake.createSession(ProtocolHandshake.java:128)
at org.openqa.selenium.remote.ProtocolHandshake.createSession(ProtocolHandshake.java:74)
at org.openqa.selenium.remote.HttpCommandExecutor.execute(HttpCommandExecutor.java:136)
at org.openqa.selenium.remote.service.DriverCommandExecutor.execute(DriverCommandExecutor.java:83)
at org.openqa.selenium.remote.RemoteWebDriver.execute(RemoteWebDriver.java:552)
at org.openqa.selenium.remote.RemoteWebDriver.startSession(RemoteWebDriver.java:213)
at org.openqa.selenium.remote.RemoteWebDriver.<init>(RemoteWebDriver.java:131)
at org.openqa.selenium.chrome.ChromeDriver.<init>(ChromeDriver.java:181)
at org.openqa.selenium.chrome.ChromeDriver.<init>(ChromeDriver.java:168)
at org.openqa.selenium.chrome.ChromeDriver.<init>(ChromeDriver.java:123)
at com.automation.utilities.DriverFactory.createDriver(DriverFactory.java:15)
at com.automation.tests.day12.FluentWaitTest.setup(FluentWaitTest.java:23)
at java.base/jdk.internal.reflect.NativeMethodAccessorImpl.invoke0(Native Method)
at java.base/jdk.internal.reflect.NativeMethodAccessorImpl.invoke(NativeMethodAccessorImpl.java:62)
at java.base/jdk.internal.reflect.DelegatingMethodAccessorImpl.invoke(DelegatingMethodAccessorImpl.java:43)
at java.base/java.lang.reflect.Method.invoke(Method.java:567)
at org.testng.internal.MethodInvocationHelper.invokeMethod(MethodInvocationHelper.java:124)
at org.testng.internal.MethodInvocationHelper.invokeMethodConsideringTimeout(MethodInvocationHelper.java:59)
at org.testng.internal.Invoker.invokeConfigurationMethod(Invoker.java:458)
at org.testng.internal.Invoker.invokeConfigurations(Invoker.java:222)
at org.testng.internal.Invoker.invokeMethod(Invoker.java:523)
at org.testng.internal.Invoker.invokeTestMethod(Invoker.java:719)
at org.testng.internal.Invoker.invokeTestMethods(Invoker.java:989)
at org.testng.internal.TestMethodWorker.invokeTestMethods(TestMethodWorker.java:125)
at org.testng.internal.TestMethodWorker.run(TestMethodWorker.java:109)
at org.testng.TestRunner.privateRun(TestRunner.java:648)
at org.testng.TestRunner.run(TestRunner.java:505)
at org.testng.SuiteRunner.runTest(SuiteRunner.java:455)
at org.testng.SuiteRunner.runSequentially(SuiteRunner.java:450)
at org.testng.SuiteRunner.privateRun(SuiteRunner.java:415)
at org.testng.SuiteRunner.run(SuiteRunner.java:364)
at org.testng.SuiteRunnerWorker.runSuite(SuiteRunnerWorker.java:52)
at org.testng.SuiteRunnerWorker.run(SuiteRunnerWorker.java:84)
at org.testng.TestNG.runSuitesSequentially(TestNG.java:1208)
at org.testng.TestNG.runSuitesLocally(TestNG.java:1137)
at org.testng.TestNG.runSuites(TestNG.java:1049)
at org.testng.TestNG.run(TestNG.java:1017)
at org.apache.maven.surefire.testng.TestNGExecutor.run(TestNGExecutor.java:77)
at org.apache.maven.surefire.testng.TestNGDirectoryTestSuite.executeMulti(TestNGDirectoryTestSuite.java:159)
at org.apache.maven.surefire.testng.TestNGDirectoryTestSuite.execute(TestNGDirectoryTestSuite.java:99)
at org.apache.maven.surefire.testng.TestNGProvider.invoke(TestNGProvider.java:106)
at java.base/jdk.internal.reflect.NativeMethodAccessorImpl.invoke0(Native Method)
at java.base/jdk.internal.reflect.NativeMethodAccessorImpl.invoke(NativeMethodAccessorImpl.java:62)
at java.base/jdk.internal.reflect.DelegatingMethodAccessorImpl.invoke(DelegatingMethodAccessorImpl.java:43)
at java.base/java.lang.reflect.Method.invoke(Method.java:567)
at org.apache.maven.surefire.util.ReflectionUtils.invokeMethodWithArray(ReflectionUtils.java:189)
at org.apache.maven.surefire.booter.ProviderFactory$ProviderProxy.invoke(ProviderFactory.java:165)
at org.apache.maven.surefire.booter.ProviderFactory.invokeProvider(ProviderFactory.java:85)
at org.apache.maven.surefire.booter.ForkedBooter.runSuitesInProcess(ForkedBooter.java:115)
at org.apache.maven.surefire.booter.ForkedBooter.main(ForkedBooter.java:75)
]]>
    </error>
  </testcase> <!-- setup -->
</testsuite> <!-- com.automation.tests.day12.FluentWaitTest -->
